<?xml version="1.0" encoding="UTF-8"?>
<robot generator="Robot 7.3.1 (Python 3.13.5 on win32)" generated="2025-07-08T18:35:55.042478" rpa="false" schemaversion="5">
<suite id="s1" name="Swaglabs Testes" source="C:\Dev\RobotFramework\WebTeste\swaglabs_testes.robot">
<test id="s1-t1" name="Caso de Teste 02 - Pesquisa de um produto" line="18">
<kw name="Login como usuário válido" owner="swaglabs_resources">
<kw name="Abrir o navegador" owner="swaglabs_resources">
<kw name="Open Browser" owner="SeleniumLibrary">
<msg time="2025-07-08T18:35:55.465949" level="INFO">Opening browser 'Chrome' to base url 'None'.</msg>
<msg time="2025-07-08T18:35:55.572076" level="WARN">The chromedriver version (137.0.7151.120) detected in PATH at C:\Users\silva\AppData\Local\Programs\Python\Python313\Scripts\chromedriver.exe might not be compatible with the detected chrome version (138.0.7204.97); currently, chromedriver 138.0.7204.94 is recommended for chrome 138.*, so it is advised to delete the driver in PATH and retry</msg>
<arg>browser=${BROSER}</arg>
<arg>options=add_experimental_option("detach", True)</arg>
<doc>Opens a new browser instance to the optional ``url``.</doc>
<status status="PASS" start="2025-07-08T18:35:55.465747" elapsed="1.389007"/>
</kw>
<kw name="Maximize Browser Window" owner="SeleniumLibrary">
<doc>Maximizes current browser window.</doc>
<status status="PASS" start="2025-07-08T18:35:56.854977" elapsed="0.025782"/>
</kw>
<status status="PASS" start="2025-07-08T18:35:55.465207" elapsed="1.415701"/>
</kw>
<kw name="Acessar a home page do site &quot;Swag Labs&quot;" owner="swaglabs_resources" source_name="Acessar a home page do site &quot;${TITLE}&quot;">
<kw name="Go To" owner="SeleniumLibrary">
<msg time="2025-07-08T18:35:56.881572" level="INFO">Opening url 'https://www.saucedemo.com/v1/'</msg>
<arg>url=${URL}</arg>
<doc>Navigates the current browser window to the provided ``url``.</doc>
<status status="PASS" start="2025-07-08T18:35:56.881417" elapsed="0.154620"/>
</kw>
<kw name="Wait Until Page Contains" owner="SeleniumLibrary">
<arg>text=${TITLE}</arg>
<doc>Waits until ``text`` appears on the current page.</doc>
<status status="PASS" start="2025-07-08T18:35:57.036301" elapsed="0.007804"/>
</kw>
<status status="PASS" start="2025-07-08T18:35:56.881124" elapsed="0.163140"/>
</kw>
<kw name="Clicar no campo de usuário &quot;user-name&quot;" owner="swaglabs_resources" source_name="Clicar no campo de usuário &quot;${USER_NAME}&quot;">
<kw name="Click Element" owner="SeleniumLibrary">
<msg time="2025-07-08T18:35:57.045423" level="INFO">Clicking element 'id=user-name'.</msg>
<arg>id=${USER_NAME}</arg>
<doc>Click the element identified by ``locator``.</doc>
<status status="PASS" start="2025-07-08T18:35:57.044856" elapsed="0.052543"/>
</kw>
<kw name="Input Text" owner="SeleniumLibrary">
<msg time="2025-07-08T18:35:57.097961" level="INFO">Typing text 'standard_user' into text field 'id=user-name'.</msg>
<arg>id=${USER_NAME}</arg>
<arg>text=standard_user</arg>
<doc>Types the given ``text`` into the text field identified by ``locator``.</doc>
<status status="PASS" start="2025-07-08T18:35:57.097635" elapsed="0.048296"/>
</kw>
<status status="PASS" start="2025-07-08T18:35:57.044507" elapsed="0.101646"/>
</kw>
<kw name="Clicar no campo de senha &quot;password&quot;" owner="swaglabs_resources" source_name="Clicar no campo de senha &quot;${PASSWORD}&quot;">
<kw name="Click Element" owner="SeleniumLibrary">
<msg time="2025-07-08T18:35:57.147119" level="INFO">Clicking element 'id=password'.</msg>
<arg>id=${PASSWORD}</arg>
<doc>Click the element identified by ``locator``.</doc>
<status status="PASS" start="2025-07-08T18:35:57.146851" elapsed="0.091294"/>
</kw>
<kw name="Input Text" owner="SeleniumLibrary">
<msg time="2025-07-08T18:35:57.238784" level="INFO">Typing text 'secret_sauce' into text field 'id=password'.</msg>
<arg>id=${PASSWORD}</arg>
<arg>text=secret_sauce</arg>
<doc>Types the given ``text`` into the text field identified by ``locator``.</doc>
<status status="PASS" start="2025-07-08T18:35:57.238423" elapsed="0.043490"/>
</kw>
<status status="PASS" start="2025-07-08T18:35:57.146478" elapsed="0.135588"/>
</kw>
<kw name="Clicar no botão login &quot;login-button&quot;" owner="swaglabs_resources" source_name="Clicar no botão login &quot;${LOGIN_BUTTON}&quot;">
<kw name="Click Element" owner="SeleniumLibrary">
<msg time="2025-07-08T18:35:57.282769" level="INFO">Clicking element 'id=login-button'.</msg>
<arg>id=${LOGIN_BUTTON}</arg>
<doc>Click the element identified by ``locator``.</doc>
<status status="PASS" start="2025-07-08T18:35:57.282585" elapsed="0.346895"/>
</kw>
<kw name="Sleep" owner="BuiltIn">
<msg time="2025-07-08T18:36:07.630426" level="INFO">Slept 10 seconds.</msg>
<arg>10s</arg>
<doc>Pauses the test executed for the given time.</doc>
<status status="PASS" start="2025-07-08T18:35:57.629943" elapsed="10.000614"/>
</kw>
<status status="PASS" start="2025-07-08T18:35:57.282317" elapsed="10.348348"/>
</kw>
<status status="PASS" start="2025-07-08T18:35:55.464929" elapsed="12.165793"/>
</kw>
<kw name="Fechar o navegador" owner="swaglabs_resources" type="TEARDOWN">
<kw name="Capture Page Screenshot" owner="SeleniumLibrary">
<msg time="2025-07-08T18:36:07.754987" level="INFO" html="true">&lt;/td&gt;&lt;/tr&gt;&lt;tr&gt;&lt;td colspan="3"&gt;&lt;a href="selenium-screenshot-1.png"&gt;&lt;img src="selenium-screenshot-1.png" width="800px"&gt;&lt;/a&gt;</msg>
<doc>Takes a screenshot of the current page and embeds it into a log file.</doc>
<status status="PASS" start="2025-07-08T18:36:07.631468" elapsed="0.123643"/>
</kw>
<kw name="Close Browser" owner="SeleniumLibrary">
<doc>Closes the current browser.</doc>
<status status="PASS" start="2025-07-08T18:36:07.755296" elapsed="2.223092"/>
</kw>
<status status="PASS" start="2025-07-08T18:36:07.631166" elapsed="2.347343"/>
</kw>
<doc>Esse teste verifica a pesquisa de um produto na Amazon</doc>
<tag>busca_produtos</tag>
<tag>pesquisa</tag>
<status status="PASS" start="2025-07-08T18:35:55.464245" elapsed="14.514468"/>
</test>
<doc>Essa suite realiza testes no site https://www.saucedemo.com/v1/</doc>
<status status="PASS" start="2025-07-08T18:35:55.043671" elapsed="14.935782"/>
</suite>
<statistics>
<total>
<stat pass="1" fail="0" skip="0">All Tests</stat>
</total>
<tag>
<stat pass="1" fail="0" skip="0">busca_produtos</stat>
<stat pass="1" fail="0" skip="0">pesquisa</stat>
</tag>
<suite>
<stat name="Swaglabs Testes" id="s1" pass="1" fail="0" skip="0">Swaglabs Testes</stat>
</suite>
</statistics>
<errors>
<msg time="2025-07-08T18:35:55.572076" level="WARN">The chromedriver version (137.0.7151.120) detected in PATH at C:\Users\silva\AppData\Local\Programs\Python\Python313\Scripts\chromedriver.exe might not be compatible with the detected chrome version (138.0.7204.97); currently, chromedriver 138.0.7204.94 is recommended for chrome 138.*, so it is advised to delete the driver in PATH and retry</msg>
</errors>
</robot>
