<?xml version="1.0" encoding="UTF-8"?>
<robot generator="Robot 7.3.1 (Python 3.13.5 on win32)" generated="2025-06-22T21:31:38.057864" rpa="false" schemaversion="5">
<suite id="s1" name="Swaglabs Testes" source="C:\Dev\RobotFramework\WebTeste\swaglabs_testes.robot">
<test id="s1-t1" name="Caso de Teste 01 - Login com sucesso em swaglabs v1" line="8">
<kw name="Abrir o navegador" owner="swaglabs_resources" type="SETUP">
<kw name="Open Browser" owner="SeleniumLibrary">
<msg time="2025-06-22T21:31:38.303769" level="INFO">Opening browser 'Chrome' to base url 'None'.</msg>
<arg>browser=${BROSER}</arg>
<arg>options=add_experimental_option("detach", True)</arg>
<doc>Opens a new browser instance to the optional ``url``.</doc>
<status status="PASS" start="2025-06-22T21:31:38.303581" elapsed="1.144434"/>
</kw>
<kw name="Maximize Browser Window" owner="SeleniumLibrary">
<doc>Maximizes current browser window.</doc>
<status status="PASS" start="2025-06-22T21:31:39.448239" elapsed="0.027932"/>
</kw>
<status status="PASS" start="2025-06-22T21:31:38.303092" elapsed="1.173296"/>
</kw>
<kw name="Acessar a home page do site &quot;Swag Labs&quot;" owner="swaglabs_resources" source_name="Acessar a home page do site &quot;${TITLE}&quot;">
<kw name="Go To" owner="SeleniumLibrary">
<msg time="2025-06-22T21:31:39.477734" level="INFO">Opening url 'https://www.saucedemo.com/v1/'</msg>
<arg>url=${URL}</arg>
<doc>Navigates the current browser window to the provided ``url``.</doc>
<status status="PASS" start="2025-06-22T21:31:39.477491" elapsed="0.404255"/>
</kw>
<kw name="Wait Until Page Contains" owner="SeleniumLibrary">
<arg>text=${TITLE}</arg>
<doc>Waits until ``text`` appears on the current page.</doc>
<status status="PASS" start="2025-06-22T21:31:39.881949" elapsed="0.009197"/>
</kw>
<status status="PASS" start="2025-06-22T21:31:39.477056" elapsed="0.414220"/>
</kw>
<kw name="Clicar no campo de usuário &quot;user-name&quot;" owner="swaglabs_resources" source_name="Clicar no campo de usuário &quot;${USER_NAME}&quot;">
<kw name="Click Element" owner="SeleniumLibrary">
<msg time="2025-06-22T21:31:39.892205" level="INFO">Clicking element 'id=user-name'.</msg>
<arg>id=${USER_NAME}</arg>
<doc>Click the element identified by ``locator``.</doc>
<status status="PASS" start="2025-06-22T21:31:39.891879" elapsed="0.046748"/>
</kw>
<kw name="Input Text" owner="SeleniumLibrary">
<msg time="2025-06-22T21:31:39.939465" level="INFO">Typing text 'standard_user' into text field 'id=user-name'.</msg>
<arg>id=${USER_NAME}</arg>
<arg>text=standard_user</arg>
<doc>Types the given ``text`` into the text field identified by ``locator``.</doc>
<status status="PASS" start="2025-06-22T21:31:39.938900" elapsed="0.052531"/>
</kw>
<status status="PASS" start="2025-06-22T21:31:39.891597" elapsed="0.099982"/>
</kw>
<kw name="Clicar no campo de senha &quot;password&quot;" owner="swaglabs_resources" source_name="Clicar no campo de senha &quot;${PASSWORD}&quot;">
<kw name="Click Element" owner="SeleniumLibrary">
<msg time="2025-06-22T21:31:39.992460" level="INFO">Clicking element 'id=password'.</msg>
<arg>id=${PASSWORD}</arg>
<doc>Click the element identified by ``locator``.</doc>
<status status="PASS" start="2025-06-22T21:31:39.992247" elapsed="0.037265"/>
</kw>
<kw name="Input Text" owner="SeleniumLibrary">
<msg time="2025-06-22T21:31:40.030077" level="INFO">Typing text 'secret_sauce' into text field 'id=password'.</msg>
<arg>id=${PASSWORD}</arg>
<arg>text=secret_sauce</arg>
<doc>Types the given ``text`` into the text field identified by ``locator``.</doc>
<status status="PASS" start="2025-06-22T21:31:40.029778" elapsed="0.057105"/>
</kw>
<status status="PASS" start="2025-06-22T21:31:39.991951" elapsed="0.095038"/>
</kw>
<kw name="Clicar no botão login &quot;login-button&quot;" owner="swaglabs_resources" source_name="Clicar no botão login &quot;${LOGIN_BUTTON}&quot;">
<kw name="Click Element" owner="SeleniumLibrary">
<msg time="2025-06-22T21:31:40.087836" level="INFO">Clicking element 'id=login-button'.</msg>
<arg>id=${LOGIN_BUTTON}</arg>
<doc>Click the element identified by ``locator``.</doc>
<status status="PASS" start="2025-06-22T21:31:40.087624" elapsed="0.476252"/>
</kw>
<kw name="Sleep" owner="BuiltIn">
<msg time="2025-06-22T21:31:50.564343" level="INFO">Slept 10 seconds.</msg>
<arg>10s</arg>
<doc>Pauses the test executed for the given time.</doc>
<status status="PASS" start="2025-06-22T21:31:40.564083" elapsed="10.000395"/>
</kw>
<status status="PASS" start="2025-06-22T21:31:40.087325" elapsed="10.477260"/>
</kw>
<kw name="Fechar o navegador" owner="swaglabs_resources" type="TEARDOWN">
<kw name="Capture Page Screenshot" owner="SeleniumLibrary">
<msg time="2025-06-22T21:31:50.696720" level="INFO" html="true">&lt;/td&gt;&lt;/tr&gt;&lt;tr&gt;&lt;td colspan="3"&gt;&lt;a href="selenium-screenshot-2.png"&gt;&lt;img src="selenium-screenshot-2.png" width="800px"&gt;&lt;/a&gt;</msg>
<doc>Takes a screenshot of the current page and embeds it into a log file.</doc>
<status status="PASS" start="2025-06-22T21:31:50.565256" elapsed="0.131575"/>
</kw>
<kw name="Close Browser" owner="SeleniumLibrary">
<doc>Closes the current browser.</doc>
<status status="PASS" start="2025-06-22T21:31:50.697001" elapsed="3.757129"/>
</kw>
<status status="PASS" start="2025-06-22T21:31:50.564982" elapsed="3.889275"/>
</kw>
<doc>Esse teste realiza o login do swaglabs
valida se o retorno do site esta correto</doc>
<tag>login_sucesso</tag>
<status status="PASS" start="2025-06-22T21:31:38.302408" elapsed="16.152033"/>
</test>
<doc>Essa suite realiza testes no site https://www.saucedemo.com/v1/</doc>
<status status="PASS" start="2025-06-22T21:31:38.059169" elapsed="16.395846"/>
</suite>
<statistics>
<total>
<stat pass="1" fail="0" skip="0">All Tests</stat>
</total>
<tag>
<stat pass="1" fail="0" skip="0">login_sucesso</stat>
</tag>
<suite>
<stat name="Swaglabs Testes" id="s1" pass="1" fail="0" skip="0">Swaglabs Testes</stat>
</suite>
</statistics>
<errors>
</errors>
</robot>
